[ 2015-03-21T12:08:04+08:00 ] 127.0.0.1 /api.php/a/b
INFO: [ app_init ] --START--
INFO: Run Behavior\BuildLiteBehavior [ RunTime:0.000057s ]
INFO: [ app_init ] --END-- [ RunTime:0.001102s ]
INFO: [ app_begin ] --START--
INFO: Run Behavior\ReadHtmlCacheBehavior [ RunTime:0.000832s ]
INFO: [ app_begin ] --END-- [ RunTime:0.000945s ]
NOTIC: [2048] Declaration of Api\Controller\EmptyController::error() should be compatible with Think\Controller::error($message = '', $jumpUrl = '', $ajax = false) /Applications/XAMPP/xamppfiles/htdocs/git/freelog/App/Api/Controller/EmptyController.class.php 第 4 行.
NOTIC: [2048] Declaration of Api\Controller\EmptyController::success() should be compatible with Think\Controller::success($message = '', $jumpUrl = '', $ajax = false) /Applications/XAMPP/xamppfiles/htdocs/git/freelog/App/Api/Controller/EmptyController.class.php 第 4 行.

[ 2015-03-21T12:08:19+08:00 ] 127.0.0.1 /api.php/a/b
INFO: [ app_init ] --START--
INFO: Run Behavior\BuildLiteBehavior [ RunTime:0.000039s ]
INFO: [ app_init ] --END-- [ RunTime:0.000557s ]
INFO: [ app_begin ] --START--
INFO: Run Behavior\ReadHtmlCacheBehavior [ RunTime:0.000496s ]
INFO: [ app_begin ] --END-- [ RunTime:0.000612s ]
NOTIC: [2048] Declaration of Api\Controller\EmptyController::error() should be compatible with Think\Controller::error($message = '', $jumpUrl = '', $ajax = false) /Applications/XAMPP/xamppfiles/htdocs/git/freelog/App/Api/Controller/EmptyController.class.php 第 4 行.
NOTIC: [2048] Declaration of Api\Controller\EmptyController::success() should be compatible with Think\Controller::success($message = '', $jumpUrl = '', $ajax = false) /Applications/XAMPP/xamppfiles/htdocs/git/freelog/App/Api/Controller/EmptyController.class.php 第 4 行.

[ 2015-03-21T12:08:58+08:00 ] 127.0.0.1 /api.php/a/b
INFO: [ app_init ] --START--
INFO: Run Behavior\BuildLiteBehavior [ RunTime:0.000037s ]
INFO: [ app_init ] --END-- [ RunTime:0.000521s ]
INFO: [ app_begin ] --START--
INFO: Run Behavior\ReadHtmlCacheBehavior [ RunTime:0.000810s ]
INFO: [ app_begin ] --END-- [ RunTime:0.001033s ]
NOTIC: [2048] Declaration of Api\Controller\EmptyController::error() should be compatible with Think\Controller::error($message = '', $jumpUrl = '', $ajax = false) /Applications/XAMPP/xamppfiles/htdocs/git/freelog/App/Api/Controller/EmptyController.class.php 第 4 行.
NOTIC: [2048] Declaration of Api\Controller\EmptyController::success() should be compatible with Think\Controller::success($message = '', $jumpUrl = '', $ajax = false) /Applications/XAMPP/xamppfiles/htdocs/git/freelog/App/Api/Controller/EmptyController.class.php 第 4 行.
ERR: 无法加载数据库驱动: Think\Db\Driver\

[ 2015-03-21T12:15:28+08:00 ] 127.0.0.1 /api.php/a/b
INFO: [ app_init ] --START--
INFO: Run Behavior\BuildLiteBehavior [ RunTime:0.000090s ]
INFO: [ app_init ] --END-- [ RunTime:0.001734s ]
INFO: [ app_begin ] --START--
INFO: Run Behavior\ReadHtmlCacheBehavior [ RunTime:0.001044s ]
INFO: [ app_begin ] --END-- [ RunTime:0.001193s ]
NOTIC: [2048] Declaration of Api\Controller\EmptyController::error() should be compatible with Think\Controller::error($message = '', $jumpUrl = '', $ajax = false) /Applications/XAMPP/xamppfiles/htdocs/git/freelog/App/Api/Controller/EmptyController.class.php 第 4 行.
NOTIC: [2048] Declaration of Api\Controller\EmptyController::success() should be compatible with Think\Controller::success($message = '', $jumpUrl = '', $ajax = false) /Applications/XAMPP/xamppfiles/htdocs/git/freelog/App/Api/Controller/EmptyController.class.php 第 4 行.
SQL: SHOW TABLES LIKE 'a' [ RunTime:0.0141s ]

[ 2015-03-21T12:16:00+08:00 ] 127.0.0.1 /api.php/a/b
INFO: [ app_init ] --START--
INFO: Run Behavior\BuildLiteBehavior [ RunTime:0.000040s ]
INFO: [ app_init ] --END-- [ RunTime:0.000596s ]
INFO: [ app_begin ] --START--
INFO: Run Behavior\ReadHtmlCacheBehavior [ RunTime:0.000615s ]
INFO: [ app_begin ] --END-- [ RunTime:0.000767s ]
NOTIC: [2048] Declaration of Api\Controller\EmptyController::error() should be compatible with Think\Controller::error($message = '', $jumpUrl = '', $ajax = false) /Applications/XAMPP/xamppfiles/htdocs/git/freelog/App/Api/Controller/EmptyController.class.php 第 4 行.
NOTIC: [2048] Declaration of Api\Controller\EmptyController::success() should be compatible with Think\Controller::success($message = '', $jumpUrl = '', $ajax = false) /Applications/XAMPP/xamppfiles/htdocs/git/freelog/App/Api/Controller/EmptyController.class.php 第 4 行.
SQL: SHOW TABLES LIKE 'a' [ RunTime:0.0004s ]

[ 2015-03-21T12:16:12+08:00 ] 127.0.0.1 /api.php/a/b
INFO: [ app_init ] --START--
INFO: Run Behavior\BuildLiteBehavior [ RunTime:0.000037s ]
INFO: [ app_init ] --END-- [ RunTime:0.000507s ]
INFO: [ app_begin ] --START--
INFO: Run Behavior\ReadHtmlCacheBehavior [ RunTime:0.000476s ]
INFO: [ app_begin ] --END-- [ RunTime:0.000589s ]
NOTIC: [2048] Declaration of Api\Controller\EmptyController::error() should be compatible with Think\Controller::error($message = '', $jumpUrl = '', $ajax = false) /Applications/XAMPP/xamppfiles/htdocs/git/freelog/App/Api/Controller/EmptyController.class.php 第 4 行.
NOTIC: [2048] Declaration of Api\Controller\EmptyController::success() should be compatible with Think\Controller::success($message = '', $jumpUrl = '', $ajax = false) /Applications/XAMPP/xamppfiles/htdocs/git/freelog/App/Api/Controller/EmptyController.class.php 第 4 行.
SQL: SHOW TABLES LIKE 'a' [ RunTime:0.0004s ]

